-------------------------------------------------------------------------------
Test set: com.bhaiti.kela.server.main.FirstTask1ApplicationTests
-------------------------------------------------------------------------------
Tests run: 1, Failures: 0, Errors: 1, Skipped: 0, Time elapsed: 0.247 s <<< FAILURE! - in com.bhaiti.kela.server.main.FirstTask1ApplicationTests
initializationError(com.bhaiti.kela.server.main.FirstTask1ApplicationTests)  Time elapsed: 0.003 s  <<< ERROR!
java.lang.IllegalStateException: Unable to find a @SpringBootConfiguration, you need to use @ContextConfiguration or @SpringBootTest(classes=...) with your test

