<?xml version="1.0" encoding="UTF-8"?>
<testsuite xmlns:xsi="http://www.w3.org/2001/XMLSchema-instance" xsi:noNamespaceSchemaLocation="https://maven.apache.org/surefire/maven-surefire-plugin/xsd/surefire-test-report.xsd" name="com.bhaiti.kela.server.main.FirstTask1ApplicationTests" time="0.247" tests="1" errors="1" skipped="0" failures="0">
  <properties>
[...]
</properties>
  <testcase name="initializationError" classname="com.bhaiti.kela.server.main.FirstTask1ApplicationTests" time="0.003">
    <error message="Unable to find a @SpringBootConfiguration, you need to use @ContextConfiguration or @SpringBootTest(classes=...) with your test" type="java.lang.IllegalStateException">java.lang.IllegalStateException: Unable to find a @SpringBootConfiguration, you need to use @ContextConfiguration or @SpringBootTest(classes=...) with your test
</error>
    <system-out><![CDATA[14:36:08.223 [main] DEBUG org.springframework.test.context.junit4.SpringJUnit4ClassRunner - SpringJUnit4ClassRunner constructor called with [class com.bhaiti.kela.server.main.FirstTask1ApplicationTests]
14:36:08.227 [main] DEBUG org.springframework.test.context.BootstrapUtils - Instantiating CacheAwareContextLoaderDelegate from class [org.springframework.test.context.cache.DefaultCacheAwareContextLoaderDelegate]
14:36:08.233 [main] DEBUG org.springframework.test.context.BootstrapUtils - Instantiating BootstrapContext using constructor [public org.springframework.test.context.support.DefaultBootstrapContext(java.lang.Class,org.springframework.test.context.CacheAwareContextLoaderDelegate)]
14:36:08.246 [main] DEBUG org.springframework.test.context.BootstrapUtils - Instantiating TestContextBootstrapper for test class [com.bhaiti.kela.server.main.FirstTask1ApplicationTests] from class [org.springframework.boot.test.context.SpringBootTestContextBootstrapper]
14:36:08.259 [main] INFO org.springframework.boot.test.context.SpringBootTestContextBootstrapper - Neither @ContextConfiguration nor @ContextHierarchy found for test class [com.bhaiti.kela.server.main.FirstTask1ApplicationTests], using SpringBootContextLoader
14:36:08.262 [main] DEBUG org.springframework.test.context.support.AbstractContextLoader - Did not detect default resource location for test class [com.bhaiti.kela.server.main.FirstTask1ApplicationTests]: class path resource [com/bhaiti/kela/server/main/FirstTask1ApplicationTests-context.xml] does not exist
14:36:08.262 [main] DEBUG org.springframework.test.context.support.AbstractContextLoader - Did not detect default resource location for test class [com.bhaiti.kela.server.main.FirstTask1ApplicationTests]: class path resource [com/bhaiti/kela/server/main/FirstTask1ApplicationTestsContext.groovy] does not exist
14:36:08.262 [main] INFO org.springframework.test.context.support.AbstractContextLoader - Could not detect default resource locations for test class [com.bhaiti.kela.server.main.FirstTask1ApplicationTests]: no resource found for suffixes {-context.xml, Context.groovy}.
14:36:08.263 [main] INFO org.springframework.test.context.support.AnnotationConfigContextLoaderUtils - Could not detect default configuration classes for test class [com.bhaiti.kela.server.main.FirstTask1ApplicationTests]: FirstTask1ApplicationTests does not declare any static, non-private, non-final, nested classes annotated with @Configuration.
14:36:08.297 [main] DEBUG org.springframework.test.context.support.ActiveProfilesUtils - Could not find an 'annotation declaring class' for annotation type [org.springframework.test.context.ActiveProfiles] and class [com.bhaiti.kela.server.main.FirstTask1ApplicationTests]
]]></system-out>
  </testcase>
</testsuite>